
======================================================================
平衡型定投系统 Web版 v1.1
======================================================================

Web server starting at: http://127.0.0.1:8080
 * Serving Flask app 'dca_web'
 * Debug mode: off
WARNING: This is a development server. Do not use it in a production deployment. Use a production WSGI server instead.
 * Running on all addresses (0.0.0.0)
 * Running on http://127.0.0.1:8080
 * Running on http://192.168.3.158:8080
Press CTRL+C to quit
127.0.0.1 - - [28/May/2026 09:40:36] "GET /api/config HTTP/1.1" 200 -
127.0.0.1 - - [28/May/2026 09:40:38] "GET / HTTP/1.1" 200 -
127.0.0.1 - - [28/May/2026 09:40:38] "GET /api/config HTTP/1.1" 200 -
127.0.0.1 - - [28/May/2026 09:40:38] "GET /api/config HTTP/1.1" 200 -
127.0.0.1 - - [28/May/2026 09:40:38] "GET /api/system-params HTTP/1.1" 200 -
127.0.0.1 - - [28/May/2026 09:40:43] "GET /api/status HTTP/1.1" 200 -
127.0.0.1 - - [28/May/2026 09:40:44] "GET /api/status HTTP/1.1" 200 -
127.0.0.1 - - [28/May/2026 09:41:01] "GET /api/config HTTP/1.1" 200 -
127.0.0.1 - - [28/May/2026 09:41:01] "GET /api/status HTTP/1.1" 200 -
127.0.0.1 - - [28/May/2026 09:41:05] "GET /api/stop_profit/status HTTP/1.1" 200 -
127.0.0.1 - - [28/May/2026 09:41:06] "GET /api/config HTTP/1.1" 200 -
127.0.0.1 - - [28/May/2026 09:41:06] "GET /api/status HTTP/1.1" 200 -
127.0.0.1 - - [28/May/2026 09:41:08] "GET /api/config HTTP/1.1" 200 -
127.0.0.1 - - [28/May/2026 09:41:08] "GET /api/status HTTP/1.1" 200 -
127.0.0.1 - - [28/May/2026 09:41:22] "GET /api/stop_profit/status HTTP/1.1" 200 -
127.0.0.1 - - [28/May/2026 09:41:31] "GET /api/config HTTP/1.1" 200 -
127.0.0.1 - - [28/May/2026 09:41:31] "GET /api/status HTTP/1.1" 200 -
127.0.0.1 - - [28/May/2026 09:41:31] "GET /api/stop_profit/status HTTP/1.1" 200 -
127.0.0.1 - - [28/May/2026 09:41:38] "GET /api/config HTTP/1.1" 200 -
127.0.0.1 - - [28/May/2026 09:41:38] "GET /api/status HTTP/1.1" 200 -
127.0.0.1 - - [28/May/2026 09:41:52] "GET /api/config HTTP/1.1" 200 -
127.0.0.1 - - [28/May/2026 09:41:54] "GET /api/status HTTP/1.1" 200 -
127.0.0.1 - - [28/May/2026 09:42:01] "GET /api/config HTTP/1.1" 200 -
127.0.0.1 - - [28/May/2026 09:42:01] "GET /api/status HTTP/1.1" 200 -
127.0.0.1 - - [28/May/2026 09:42:05] "GET /api/stop_profit/status HTTP/1.1" 200 -
127.0.0.1 - - [28/May/2026 09:42:08] "GET /api/config HTTP/1.1" 200 -
127.0.0.1 - - [28/May/2026 09:42:08] "GET /api/status HTTP/1.1" 200 -
127.0.0.1 - - [28/May/2026 09:42:31] "GET /api/config HTTP/1.1" 200 -
127.0.0.1 - - [28/May/2026 09:42:31] "GET /api/status HTTP/1.1" 200 -
127.0.0.1 - - [28/May/2026 09:42:32] "GET /api/stop_profit/status HTTP/1.1" 200 -
127.0.0.1 - - [28/May/2026 09:42:38] "GET /api/config HTTP/1.1" 200 -
127.0.0.1 - - [28/May/2026 09:42:38] "GET /api/status HTTP/1.1" 200 -
127.0.0.1 - - [28/May/2026 09:42:52] "GET /api/config HTTP/1.1" 200 -
127.0.0.1 - - [28/May/2026 09:42:52] "GET /api/status HTTP/1.1" 200 -
127.0.0.1 - - [28/May/2026 09:43:01] "GET /api/config HTTP/1.1" 200 -
127.0.0.1 - - [28/May/2026 09:43:01] "GET /api/status HTTP/1.1" 200 -
127.0.0.1 - - [28/May/2026 09:43:02] "GET /api/stop_profit/status HTTP/1.1" 200 -
127.0.0.1 - - [28/May/2026 09:43:08] "GET /api/config HTTP/1.1" 200 -
127.0.0.1 - - [28/May/2026 09:43:08] "GET /api/status HTTP/1.1" 200 -
127.0.0.1 - - [28/May/2026 09:43:33] "GET /api/stop_profit/status HTTP/1.1" 200 -
127.0.0.1 - - [28/May/2026 09:43:38] "GET /api/config HTTP/1.1" 200 -
127.0.0.1 - - [28/May/2026 09:43:39] "GET /api/status HTTP/1.1" 200 -
127.0.0.1 - - [28/May/2026 09:43:52] "GET /api/config HTTP/1.1" 200 -
127.0.0.1 - - [28/May/2026 09:43:52] "GET /api/config HTTP/1.1" 200 -
127.0.0.1 - - [28/May/2026 09:43:53] "GET /api/status HTTP/1.1" 200 -
127.0.0.1 - - [28/May/2026 09:43:54] "GET /api/status HTTP/1.1" 200 -
127.0.0.1 - - [28/May/2026 09:44:02] "GET /api/stop_profit/status HTTP/1.1" 200 -
127.0.0.1 - - [28/May/2026 09:44:08] "GET /api/config HTTP/1.1" 200 -
127.0.0.1 - - [28/May/2026 09:44:08] "GET /api/status HTTP/1.1" 200 -
127.0.0.1 - - [28/May/2026 09:44:30] "GET /api/stop_profit/status HTTP/1.1" 200 -
127.0.0.1 - - [28/May/2026 09:44:38] "GET /api/config HTTP/1.1" 200 -
127.0.0.1 - - [28/May/2026 09:44:38] "GET /api/status HTTP/1.1" 200 -
127.0.0.1 - - [28/May/2026 09:44:52] "GET /api/config HTTP/1.1" 200 -
127.0.0.1 - - [28/May/2026 09:44:52] "GET /api/config HTTP/1.1" 200 -
127.0.0.1 - - [28/May/2026 09:44:52] "GET /api/status HTTP/1.1" 200 -
127.0.0.1 - - [28/May/2026 09:44:53] "GET /api/status HTTP/1.1" 200 -
127.0.0.1 - - [28/May/2026 09:45:00] "GET /api/stop_profit/status HTTP/1.1" 200 -
127.0.0.1 - - [28/May/2026 09:45:31] "GET /api/stop_profit/status HTTP/1.1" 200 -
127.0.0.1 - - [28/May/2026 09:45:39] "GET /api/config HTTP/1.1" 200 -
127.0.0.1 - - [28/May/2026 09:45:39] "GET /api/status HTTP/1.1" 200 -
127.0.0.1 - - [28/May/2026 09:45:52] "GET /api/config HTTP/1.1" 200 -
127.0.0.1 - - [28/May/2026 09:45:52] "GET /api/config HTTP/1.1" 200 -
127.0.0.1 - - [28/May/2026 09:45:52] "GET /api/status HTTP/1.1" 200 -
127.0.0.1 - - [28/May/2026 09:45:53] "GET /api/status HTTP/1.1" 200 -
127.0.0.1 - - [28/May/2026 09:46:17] "GET /api/stop_profit/status HTTP/1.1" 200 -
127.0.0.1 - - [28/May/2026 09:48:32] "GET /stop_profit HTTP/1.1" 200 -
127.0.0.1 - - [28/May/2026 09:48:32] "GET /favicon.ico HTTP/1.1" 404 -
[止盈轮动API] 开始获取状态

  自动打开浏览器: http://127.0.0.1:8080
[止盈轮动API] 初始化持仓管理器
已从 D:\temp\红利ETF\dca_portfolio_data.json 加载数据
[止盈轮动API] 开始获取 6 个ETF价格
已从 D:\temp\红利ETF\dca_portfolio_data.json 加载数据
已从 D:\temp\红利ETF\dca_portfolio_data.json 加载数据
[止盈轮动API] 获取 515080 价格成功: 1.557
[止盈轮动API] 获取 510300 价格成功: 4.896
[止盈轮动API] 获取 510500 价格成功: 8.593
[止盈轮动API] 获取 512760 价格成功: 1.224
[止盈轮动API] 开始获取状态
[止盈轮动API] 初始化持仓管理器
已从 D:\temp\红利ETF\dca_portfolio_data.json 加载数据
[止盈轮动API] 开始获取 6 个ETF价格
[止盈轮动API] 获取 512010 价格成功: 0.339
已从 D:\temp\红利ETF\dca_portfolio_data.json 加载数据
[止盈轮动API] 获取 515080 价格成功: 1.557
[止盈轮动API] 获取 513100 价格成功: 2.217
[止盈轮动API] 获取 510300 价格成功: 4.903
[止盈轮动API] 开始获取状态
[止盈轮动API] 初始化持仓管理器
已从 D:\temp\红利ETF\dca_portfolio_data.json 加载数据
[止盈轮动API] 开始获取 6 个ETF价格
已从 D:\temp\红利ETF\dca_portfolio_data.json 加载数据
已从 D:\temp\红利ETF\dca_portfolio_data.json 加载数据
[止盈轮动API] 获取 510500 价格成功: 8.606
[止盈轮动API] 获取 515080 价格成功: 1.557
[止盈轮动API] 获取 512760 价格成功: 1.228
[止盈轮动API] 获取 510300 价格成功: 4.903
[止盈轮动API] 获取 512010 价格成功: 0.339
[止盈轮动API] 获取 510500 价格成功: 8.605
[止盈轮动API] 获取 513100 价格成功: 2.217
[止盈轮动API] 获取 512760 价格成功: 1.227
[止盈轮动API] 获取 512010 价格成功: 0.338
已从 D:\temp\红利ETF\dca_portfolio_data.json 加载数据
[止盈轮动API] 获取 513100 价格成功: 2.218
[止盈轮动API] 开始获取状态
[止盈轮动API] 初始化持仓管理器
已从 D:\temp\红利ETF\dca_portfolio_data.json 加载数据
[止盈轮动API] 开始获取 6 个ETF价格
已从 D:\temp\红利ETF\dca_portfolio_data.json 加载数据
[止盈轮动API] 获取 515080 价格成功: 1.557
[止盈轮动API] 获取 510300 价格成功: 4.905
[止盈轮动API] 获取 510500 价格成功: 8.611
已从 D:\temp\红利ETF\dca_portfolio_data.json 加载数据
[止盈轮动API] 获取 512760 价格成功: 1.227
[止盈轮动API] 获取 512010 价格成功: 0.339
已从 D:\temp\红利ETF\dca_portfolio_data.json 加载数据
[止盈轮动API] 获取 513100 价格成功: 2.217
[止盈轮动API] 开始获取状态
[止盈轮动API] 初始化持仓管理器
已从 D:\temp\红利ETF\dca_portfolio_data.json 加载数据
[止盈轮动API] 开始获取 6 个ETF价格
已从 D:\temp\红利ETF\dca_portfolio_data.json 加载数据
[止盈轮动API] 获取 515080 价格成功: 1.557
[止盈轮动API] 获取 510300 价格成功: 4.9
[止盈轮动API] 获取 510500 价格成功: 8.603
[止盈轮动API] 获取 512760 价格成功: 1.226
[止盈轮动API] 获取 512010 价格成功: 0.339
已从 D:\temp\红利ETF\dca_portfolio_data.json 加载数据
[止盈轮动API] 获取 513100 价格成功: 2.218
[止盈轮动API] 开始获取状态
[止盈轮动API] 初始化持仓管理器
已从 D:\temp\红利ETF\dca_portfolio_data.json 加载数据
[止盈轮动API] 开始获取 6 个ETF价格
已从 D:\temp\红利ETF\dca_portfolio_data.json 加载数据
[止盈轮动API] 获取 515080 价格成功: 1.558
[止盈轮动API] 获取 510300 价格成功: 4.899
[止盈轮动API] 获取 510500 价格成功: 8.598
已从 D:\temp\红利ETF\dca_portfolio_data.json 加载数据
[止盈轮动API] 获取 512760 价格成功: 1.224
[止盈轮动API] 获取 512010 价格成功: 0.339
已从 D:\temp\红利ETF\dca_portfolio_data.json 加载数据
[止盈轮动API] 获取 513100 价格成功: 2.218
[止盈轮动API] 开始获取状态
[止盈轮动API] 初始化持仓管理器
已从 D:\temp\红利ETF\dca_portfolio_data.json 加载数据
[止盈轮动API] 开始获取 6 个ETF价格
已从 D:\temp\红利ETF\dca_portfolio_data.json 加载数据
[止盈轮动API] 获取 515080 价格成功: 1.557
[止盈轮动API] 获取 510300 价格成功: 4.893
[止盈轮动API] 获取 510500 价格成功: 8.59
[止盈轮动API] 获取 512760 价格成功: 1.221
[止盈轮动API] 获取 512010 价格成功: 0.338
[止盈轮动API] 获取 513100 价格成功: 2.218
[止盈轮动API] 开始获取状态
[止盈轮动API] 初始化持仓管理器
已从 D:\temp\红利ETF\dca_portfolio_data.json 加载数据
[止盈轮动API] 开始获取 6 个ETF价格
已从 D:\temp\红利ETF\dca_portfolio_data.json 加载数据
[止盈轮动API] 获取 515080 价格成功: 1.556
[止盈轮动API] 获取 510300 价格成功: 4.893
[止盈轮动API] 获取 510500 价格成功: 8.595
已从 D:\temp\红利ETF\dca_portfolio_data.json 加载数据
[止盈轮动API] 获取 512760 价格成功: 1.224
已从 D:\temp\红利ETF\dca_portfolio_data.json 加载数据
[止盈轮动API] 获取 512010 价格成功: 0.338
[止盈轮动API] 获取 513100 价格成功: 2.217
[止盈轮动API] 开始获取状态
[止盈轮动API] 初始化持仓管理器
已从 D:\temp\红利ETF\dca_portfolio_data.json 加载数据
[止盈轮动API] 开始获取 6 个ETF价格
已从 D:\temp\红利ETF\dca_portfolio_data.json 加载数据
[止盈轮动API] 获取 515080 价格成功: 1.555
[止盈轮动API] 获取 510300 价格成功: 4.898
[止盈轮动API] 获取 510500 价格成功: 8.602
[止盈轮动API] 获取 512760 价格成功: 1.227
[止盈轮动API] 获取 512010 价格成功: 0.339
[止盈轮动API] 获取 513100 价格成功: 2.22
[止盈轮动API] 开始获取状态
[止盈轮动API] 初始化持仓管理器
已从 D:\temp\红利ETF\dca_portfolio_data.json 加载数据
[止盈轮动API] 开始获取 6 个ETF价格
已从 D:\temp\红利ETF\dca_portfolio_data.json 加载数据
[止盈轮动API] 获取 515080 价格成功: 1.554
[止盈轮动API] 获取 510300 价格成功: 4.893
[止盈轮动API] 获取 510500 价格成功: 8.591
[止盈轮动API] 获取 512760 价格成功: 1.222
已从 D:\temp\红利ETF\dca_portfolio_data.json 加载数据
已从 D:\temp\红利ETF\dca_portfolio_data.json 加载数据
[止盈轮动API] 获取 512010 价格成功: 0.339
[止盈轮动API] 获取 513100 价格成功: 2.22
[止盈轮动API] 开始获取状态
[止盈轮动API] 初始化持仓管理器
已从 D:\temp\红利ETF\dca_portfolio_data.json 加载数据
[止盈轮动API] 开始获取 6 个ETF价格
[止盈轮动API] 获取 515080 价格成功: 1.555
[止盈轮动API] 获取 510300 价格成功: 4.895
[止盈轮动API] 获取 510500 价格成功: 8.599
[止盈轮动API] 获取 512760 价格成功: 1.227
[止盈轮动API] 获取 512010 价格成功: 0.339
[止盈轮动API] 获取 513100 价格成功: 2.22
已从 D:\temp\红利ETF\dca_portfolio_data.json 加载数据
[止盈轮动API] 开始获取状态
[止盈轮动API] 初始化持仓管理器
已从 D:\temp\红利ETF\dca_portfolio_data.json 加载数据
[止盈轮动API] 开始获取 6 个ETF价格
已从 D:\temp\红利ETF\dca_portfolio_data.json 加载数据
已从 D:\temp\红利ETF\dca_portfolio_data.json 加载数据
[止盈轮动API] 获取 515080 价格成功: 1.554
[止盈轮动API] 获取 510300 价格成功: 4.894
[止盈轮动API] 获取 510500 价格成功: 8.584
[止盈轮动API] 获取 512760 价格成功: 1.223
[止盈轮动API] 获取 512010 价格成功: 0.339
[止盈轮动API] 获取 513100 价格成功: 2.22
[止盈轮动API] 开始获取状态
[止盈轮动API] 初始化持仓管理器
已从 D:\temp\红利ETF\dca_portfolio_data.json 加载数据
[止盈轮动API] 开始获取 6 个ETF价格
[止盈轮动API] 获取 515080 价格成功: 1.555
[止盈轮动API] 获取 510300 价格成功: 4.894
[止盈轮动API] 获取 510500 价格成功: 8.584
[止盈轮动API] 获取 512760 价格成功: 1.219
[止盈轮动API] 获取 512010 价格成功: 0.339127.0.0.1 - - [28/May/2026 09:48:57] "GET /api/stop_profit/status HTTP/1.1" 200 -
127.0.0.1 - - [28/May/2026 09:49:30] "GET /api/stop_profit/status HTTP/1.1" 200 -
127.0.0.1 - - [28/May/2026 09:50:19] "GET /api/status HTTP/1.1" 200 -
127.0.0.1 - - [28/May/2026 09:50:26] "GET /stop_profit HTTP/1.1" 200 -
127.0.0.1 - - [28/May/2026 09:50:26] "GET /favicon.ico HTTP/1.1" 404 -
127.0.0.1 - - [28/May/2026 09:50:30] "GET /api/status HTTP/1.1" 200 -
127.0.0.1 - - [28/May/2026 09:50:40] "GET /api/portfolio HTTP/1.1" 200 -
127.0.0.1 - - [28/May/2026 09:50:52] "GET /api/stop_profit/status HTTP/1.1" 200 -
127.0.0.1 - - [28/May/2026 09:51:23] "GET /api/stop_profit/status HTTP/1.1" 200 -
127.0.0.1 - - [28/May/2026 09:51:54] "GET /api/stop_profit/status HTTP/1.1" 200 -
127.0.0.1 - - [28/May/2026 09:52:24] "GET /api/stop_profit/status HTTP/1.1" 200 -
127.0.0.1 - - [28/May/2026 09:52:55] "GET /api/stop_profit/status HTTP/1.1" 200 -
127.0.0.1 - - [28/May/2026 09:53:01] "GET /api/portfolio HTTP/1.1" 200 -
127.0.0.1 - - [28/May/2026 09:53:22] "GET /api/stop_profit/status HTTP/1.1" 200 -
127.0.0.1 - - [28/May/2026 09:53:43] "GET /api/portfolio HTTP/1.1" 200 -
127.0.0.1 - - [28/May/2026 09:53:54] "GET /api/stop_profit/status HTTP/1.1" 200 -
127.0.0.1 - - [28/May/2026 09:54:23] "GET /api/stop_profit/status HTTP/1.1" 200 -
127.0.0.1 - - [28/May/2026 09:54:23] "GET /api/portfolio HTTP/1.1" 200 -
127.0.0.1 - - [28/May/2026 09:54:53] "GET /api/stop_profit/status HTTP/1.1" 200 -
127.0.0.1 - - [28/May/2026 09:55:05] "GET /stop_profit HTTP/1.1" 200 -
127.0.0.1 - - [28/May/2026 09:55:05] "GET /favicon.ico HTTP/1.1" 404 -
127.0.0.1 - - [28/May/2026 09:55:24] "GET /api/stop_profit/status HTTP/1.1" 200 -
127.0.0.1 - - [28/May/2026 09:55:32] "GET /api/stop_profit/status HTTP/1.1" 200 -
127.0.0.1 - - [28/May/2026 09:56:00] "GET /api/stop_profit/status HTTP/1.1" 200 -
127.0.0.1 - - [28/May/2026 09:56:29] "GET /api/stop_profit/status HTTP/1.1" 200 -
127.0.0.1 - - [28/May/2026 09:57:01] "GET /api/stop_profit/status HTTP/1.1" 200 -

[止盈轮动API] 获取 513100 价格成功: 2.221
[止盈轮动API] 开始获取状态
[止盈轮动API] 初始化持仓管理器
已从 D:\temp\红利ETF\dca_portfolio_data.json 加载数据
[止盈轮动API] 开始获取 6 个ETF价格
[止盈轮动API] 获取 515080 价格成功: 1.554
[止盈轮动API] 获取 510300 价格成功: 4.892
[止盈轮动API] 获取 510500 价格成功: 8.579
[止盈轮动API] 获取 512760 价格成功: 1.218
[止盈轮动API] 获取 512010 价格成功: 0.339
[止盈轮动API] 获取 513100 价格成功: 2.221
已从 D:\temp\红利ETF\dca_portfolio_data.json 加载数据
已从 D:\temp\红利ETF\dca_portfolio_data.json 加载数据
[止盈轮动API] 开始获取状态
[止盈轮动API] 初始化持仓管理器
已从 D:\temp\红利ETF\dca_portfolio_data.json 加载数据
[止盈轮动API] 开始获取 6 个ETF价格
已从 D:\temp\红利ETF\dca_portfolio_data.json 加载数据
[止盈轮动API] 获取 515080 价格成功: 1.553
[止盈轮动API] 获取 510300 价格成功: 4.892
[止盈轮动API] 获取 510500 价格成功: 8.585
[止盈轮动API] 获取 512760 价格成功: 1.224
[止盈轮动API] 获取 512010 价格成功: 0.339
[止盈轮动API] 获取 513100 价格成功: 2.223
[止盈轮动API] 开始获取状态
[止盈轮动API] 初始化持仓管理器
已从 D:\temp\红利ETF\dca_portfolio_data.json 加载数据
[止盈轮动API] 开始获取 6 个ETF价格
[止盈轮动API] 获取 515080 价格成功: 1.552
[止盈轮动API] 获取 510300 价格成功: 4.893
[止盈轮动API] 获取 510500 价格成功: 8.588
[止盈轮动API] 获取 512760 价格成功: 1.228
[止盈轮动API] 获取 512010 价格成功: 0.34
[止盈轮动API] 获取 513100 价格成功: 2.223
[止盈轮动API] 开始获取状态
[止盈轮动API] 初始化持仓管理器
已从 D:\temp\红利ETF\dca_portfolio_data.json 加载数据
[止盈轮动API] 开始获取 6 个ETF价格
[止盈轮动API] 获取 515080 价格成功: 1.552
[止盈轮动API] 获取 510300 价格成功: 4.893
[止盈轮动API] 获取 510500 价格成功: 8.581
[止盈轮动API] 获取 512760 价格成功: 1.227
[止盈轮动API] 获取 512010 价格成功: 0.34
[止盈轮动API] 获取 513100 价格成功: 2.224
[止盈轮动API] 开始获取状态
[止盈轮动API] 初始化持仓管理器
已从 D:\temp\红利ETF\dca_portfolio_data.json 加载数据
[止盈轮动API] 开始获取 6 个ETF价格
[止盈轮动API] 获取 515080 价格成功: 1.551
[止盈轮动API] 获取 510300 价格成功: 4.889
[止盈轮动API] 获取 510500 价格成功: 8.573
[止盈轮动API] 获取 512760 价格成功: 1.223
[止盈轮动API] 获取 512010 价格成功: 0.339
[止盈轮动API] 获取 513100 价格成功: 2.225
[止盈轮动API] 开始获取状态
[止盈轮动API] 初始化持仓管理器
已从 D:\temp\红利ETF\dca_portfolio_data.json 加载数据
[止盈轮动API] 开始获取 6 个ETF价格
[止盈轮动API] 获取 515080 价格成功: 1.552
[止盈轮动API] 获取 510300 价格成功: 4.884
[止盈轮动API] 获取 510500 价格成功: 8.56
[止盈轮动API] 获取 512760 价格成功: 1.221
[止盈轮动API] 获取 512010 价格成功: 0.339
[止盈轮动API] 获取 513100 价格成功: 2.225
[止盈轮动API] 开始获取状态
[止盈轮动API] 初始化持仓管理器
已从 D:\temp\红利ETF\dca_portfolio_data.json 加载数据
[止盈轮动API] 开始获取 6 个ETF价格
[止盈轮动API] 获取 515080 价格成功: 1.552
已从 D:\temp\红利ETF\dca_portfolio_data.json 加载数据
[止盈轮动API] 获取 510300 价格成功: 4.882
[止盈轮动API] 获取 510500 价格成功: 8.568
[止盈轮动API] 获取 512760 价格成功: 1.222
[止盈轮动API] 获取 512010 价格成功: 0.339
[止盈轮动API] 获取 513100 价格成功: 2.224
[止盈轮动API] 开始获取状态
[止盈轮动API] 初始化持仓管理器
已从 D:\temp\红利ETF\dca_portfolio_data.json 加载数据
[止盈轮动API] 开始获取 6 个ETF价格
[止盈轮动API] 获取 515080 价格成功: 1.551
[止盈轮动API] 获取 510300 价格成功: 4.881
[止盈轮动API] 获取 510500 价格成功: 8.567
已从 D:\temp\红利ETF\dca_portfolio_data.json 加载数据
[止盈轮动API] 获取 512760 价格成功: 1.223
[止盈轮动API] 获取 512010 价格成功: 0.339
[止盈轮动API] 获取 513100 价格成功: 2.223
[止盈轮动API] 开始获取状态
[止盈轮动API] 初始化持仓管理器
已从 D:\temp\红利ETF\dca_portfolio_data.json 加载数据
[止盈轮动API] 开始获取 6 个ETF价格
[止盈轮动API] 获取 515080 价格成功: 1.551
[止盈轮动API] 获取 510300 价格成功: 4.882
[止盈轮动API] 获取 510500 价格成功: 8.566
[止盈轮动API] 获取 512760 价格成功: 1.224
[止盈轮动API] 获取 512010 价格成功: 0.339
[止盈轮动API] 获取 513100 价格成功: 2.223
已从 D:\temp\红利ETF\dca_portfolio_data.json 加载数据
[止盈轮动API] 开始获取状态
[止盈轮动API] 初始化持仓管理器
已从 D:\temp\红利ETF\dca_portfolio_data.json 加载数据
[止盈轮动API] 开始获取 6 个ETF价格
[止盈轮动API] 获取 515080 价格成功: 1.551
[止盈轮动API] 获取 510300 价格成功: 4.882
[止盈轮动API] 获取 510500 价格成功: 8.569
[止盈轮动API] 获取 512760 价格成功: 1.226
[止盈轮动API] 获取 512010 价格成功: 0.338
[止盈轮动API] 获取 513100 价格成功: 2.222
[止盈轮动API] 开始获取状态
[止盈轮动API] 初始化持仓管理器
已从 D:\temp\红利ETF\dca_portfolio_data.json 加载数据
[止盈轮动API] 开始获取 6 个ETF价格
[止盈轮动API] 获取 515080 价格成功: 1.551
[止盈轮动API] 开始获取状态
[止盈轮动API] 初始化持仓管理器
已从 D:\temp\红利ETF\dca_portfolio_data.json 加载数据
[止盈轮动API] 开始获取 6 个ETF价格
[止盈轮动API] 获取 510300 价格成功: 4.881
[止盈轮动API] 获取 515080 价格成功: 1.551
[止盈轮动API] 获取 510500 价格成功: 8.569
[止盈轮动API] 获取 510300 价格成功: 4.88
[止盈轮动API] 获取 512760 价格成功: 1.224
[止盈轮动API] 获取 510500 价格成功: 8.569
[止盈轮动API] 获取 512010 价格成功: 0.338
[止盈轮动API] 获取 512760 价格成功: 1.224
[止盈轮动API] 获取 513100 价格成功: 2.222
[止盈轮动API] 获取 512010 价格成功: 0.338
[止盈轮动API] 获取 513100 价格成功: 2.222
[止盈轮动API] 开始获取状态
[止盈轮动API] 初始化持仓管理器
已从 D:\temp\红利ETF\dca_portfolio_data.json 加载数据
[止盈轮动API] 开始获取 6 个ETF价格
[止盈轮动API] 获取 515080 价格成功: 1.551
[止盈轮动API] 获取 510300 价格成功: 4.879
[止盈轮动API] 获取 510500 价格成功: 8.564
[止盈轮动API] 获取 512760 价格成功: 1.225
[止盈轮动API] 获取 512010 价格成功: 0.338
[止盈轮动API] 获取 513100 价格成功: 2.223
[止盈轮动API] 开始获取状态
[止盈轮动API] 初始化持仓管理器
已从 D:\temp\红利ETF\dca_portfolio_data.json 加载数据
[止盈轮动API] 开始获取 6 个ETF价格
[止盈轮动API] 获取 515080 价格成功: 1.551
[止盈轮动API] 获取 510300 价格成功: 4.874
[止盈轮动API] 获取 510500 价格成功: 8.547
[止盈轮动API] 获取 512760 价格成功: 1.221
[止盈轮动API] 获取 512010 价格成功: 0.338
[止盈轮动API] 获取 513100 价格成功: 2.222
[止盈轮动API] 开始获取状态
[止盈轮动API] 初始化持仓管理器
已从 D:\temp\红利ETF\dca_portfolio_data.json 加载数据
[止盈轮动API] 开始获取 6 个ETF价格
[止盈轮动API] 获取 515080 价格成功: 1.551
[止盈轮动API] 获取 510300 价格成功: 4.873
[止盈轮动API] 获取 510500 价格成功: 8.542
[止盈轮动API] 获取 512760 价格成功: 1.219
[止盈轮动API] 获取 512010 价格成功: 0.338
[止盈轮动API] 获取 513100 价格成功: 2.223
[止盈轮动API] 开始获取状态
[止盈轮动API] 初始化持仓管理器
已从 D:\temp\红利ETF\dca_portfolio_data.json 加载数据127.0.0.1 - - [28/May/2026 09:57:09] "GET /stop_profit HTTP/1.1" 200 -
127.0.0.1 - - [28/May/2026 09:57:09] "GET /favicon.ico HTTP/1.1" 404 -
127.0.0.1 - - [28/May/2026 09:57:31] "GET /api/stop_profit/status HTTP/1.1" 200 -
127.0.0.1 - - [28/May/2026 09:57:34] "GET /api/stop_profit/status HTTP/1.1" 200 -
127.0.0.1 - - [28/May/2026 09:58:05] "GET /api/stop_profit/status HTTP/1.1" 200 -
127.0.0.1 - - [28/May/2026 09:58:36] "GET /api/stop_profit/status HTTP/1.1" 200 -
127.0.0.1 - - [28/May/2026 09:59:05] "GET /api/stop_profit/status HTTP/1.1" 200 -
127.0.0.1 - - [28/May/2026 09:59:38] "GET /api/stop_profit/status HTTP/1.1" 200 -
127.0.0.1 - - [28/May/2026 10:00:06] "GET /api/stop_profit/status HTTP/1.1" 200 -
127.0.0.1 - - [28/May/2026 10:00:36] "GET /api/stop_profit/status HTTP/1.1" 200 -
127.0.0.1 - - [28/May/2026 10:01:07] "GET /api/stop_profit/status HTTP/1.1" 200 -
127.0.0.1 - - [28/May/2026 10:02:08] "GET /api/stop_profit/status HTTP/1.1" 200 -
127.0.0.1 - - [28/May/2026 10:03:10] "GET /api/stop_profit/status HTTP/1.1" 200 -
127.0.0.1 - - [28/May/2026 10:05:23] "GET /api/stop_profit/status HTTP/1.1" 200 -
127.0.0.1 - - [28/May/2026 10:05:48] "GET /stop_profit HTTP/1.1" 200 -
127.0.0.1 - - [28/May/2026 10:05:48] "GET /favicon.ico HTTP/1.1" 404 -
127.0.0.1 - - [28/May/2026 10:06:14] "GET /api/stop_profit/status HTTP/1.1" 200 -
127.0.0.1 - - [28/May/2026 10:06:46] "GET /api/stop_profit/status HTTP/1.1" 200 -
127.0.0.1 - - [28/May/2026 10:07:15] "GET /api/stop_profit/status HTTP/1.1" 200 -
127.0.0.1 - - [28/May/2026 10:07:45] "GET /api/stop_profit/status HTTP/1.1" 200 -

[止盈轮动API] 开始获取 6 个ETF价格
[止盈轮动API] 获取 515080 价格成功: 1.551
[止盈轮动API] 开始获取状态
[止盈轮动API] 初始化持仓管理器
已从 D:\temp\红利ETF\dca_portfolio_data.json 加载数据
[止盈轮动API] 开始获取 6 个ETF价格
[止盈轮动API] 获取 510300 价格成功: 4.87
[止盈轮动API] 获取 515080 价格成功: 1.551
[止盈轮动API] 获取 510500 价格成功: 8.549
[止盈轮动API] 获取 510300 价格成功: 4.872
[止盈轮动API] 获取 510500 价格成功: 8.547
[止盈轮动API] 获取 512760 价格成功: 1.219
[止盈轮动API] 获取 512760 价格成功: 1.22
[止盈轮动API] 获取 512010 价格成功: 0.338
[止盈轮动API] 获取 512010 价格成功: 0.338
[止盈轮动API] 获取 513100 价格成功: 2.222
[止盈轮动API] 获取 513100 价格成功: 2.223
[止盈轮动API] 开始获取状态
[止盈轮动API] 初始化持仓管理器
已从 D:\temp\红利ETF\dca_portfolio_data.json 加载数据
[止盈轮动API] 开始获取 6 个ETF价格
[止盈轮动API] 获取 515080 价格成功: 1.551
[止盈轮动API] 获取 510300 价格成功: 4.872
[止盈轮动API] 获取 510500 价格成功: 8.54
[止盈轮动API] 获取 512760 价格成功: 1.217
[止盈轮动API] 获取 512010 价格成功: 0.338
[止盈轮动API] 获取 513100 价格成功: 2.223
[止盈轮动API] 开始获取状态
[止盈轮动API] 初始化持仓管理器
已从 D:\temp\红利ETF\dca_portfolio_data.json 加载数据
[止盈轮动API] 开始获取 6 个ETF价格
[止盈轮动API] 获取 515080 价格成功: 1.552
[止盈轮动API] 获取 510300 价格成功: 4.87
[止盈轮动API] 获取 510500 价格成功: 8.541
[止盈轮动API] 获取 512760 价格成功: 1.214
[止盈轮动API] 获取 512010 价格成功: 0.339
[止盈轮动API] 获取 513100 价格成功: 2.223
[止盈轮动API] 开始获取状态
[止盈轮动API] 初始化持仓管理器
已从 D:\temp\红利ETF\dca_portfolio_data.json 加载数据
[止盈轮动API] 开始获取 6 个ETF价格
[止盈轮动API] 获取 515080 价格成功: 1.554
[止盈轮动API] 获取 510300 价格成功: 4.873
[止盈轮动API] 获取 510500 价格成功: 8.551
[止盈轮动API] 获取 512760 价格成功: 1.216
[止盈轮动API] 获取 512010 价格成功: 0.338
[止盈轮动API] 获取 513100 价格成功: 2.223
[止盈轮动API] 开始获取状态
[止盈轮动API] 初始化持仓管理器
已从 D:\temp\红利ETF\dca_portfolio_data.json 加载数据
[止盈轮动API] 开始获取 6 个ETF价格
[止盈轮动API] 获取 515080 价格成功: 1.554
[止盈轮动API] 获取 510300 价格成功: 4.873
[止盈轮动API] 获取 510500 价格成功: 8.543
[止盈轮动API] 获取 512760 价格成功: 1.213
[止盈轮动API] 获取 512010 价格成功: 0.338
[止盈轮动API] 获取 513100 价格成功: 2.223
[止盈轮动API] 开始获取状态
[止盈轮动API] 初始化持仓管理器
已从 D:\temp\红利ETF\dca_portfolio_data.json 加载数据
[止盈轮动API] 开始获取 6 个ETF价格
[止盈轮动API] 获取 515080 价格成功: 1.553
[止盈轮动API] 获取 510300 价格成功: 4.87
[止盈轮动API] 获取 510500 价格成功: 8.538
[止盈轮动API] 获取 512760 价格成功: 1.213
[止盈轮动API] 获取 512010 价格成功: 0.339
[止盈轮动API] 获取 513100 价格成功: 2.221
[止盈轮动API] 开始获取状态
[止盈轮动API] 初始化持仓管理器
已从 D:\temp\红利ETF\dca_portfolio_data.json 加载数据
[止盈轮动API] 开始获取 6 个ETF价格
[止盈轮动API] 获取 515080 价格成功: 1.554
[止盈轮动API] 获取 510300 价格成功: 4.871
[止盈轮动API] 获取 510500 价格成功: 8.545
[止盈轮动API] 获取 512760 价格成功: 1.215
[止盈轮动API] 获取 512010 价格成功: 0.338
[止盈轮动API] 获取 513100 价格成功: 2.222
[止盈轮动API] 开始获取状态
[止盈轮动API] 初始化持仓管理器
已从 D:\temp\红利ETF\dca_portfolio_data.json 加载数据
[止盈轮动API] 开始获取 6 个ETF价格
[止盈轮动API] 获取 515080 价格成功: 1.554
[止盈轮动API] 获取 510300 价格成功: 4.873
[止盈轮动API] 获取 510500 价格成功: 8.55
[止盈轮动API] 获取 512760 价格成功: 1.217
[止盈轮动API] 获取 512010 价格成功: 0.338
[止盈轮动API] 获取 513100 价格成功: 2.221
[止盈轮动API] 开始获取状态
[止盈轮动API] 初始化持仓管理器
已从 D:\temp\红利ETF\dca_portfolio_data.json 加载数据
[止盈轮动API] 开始获取 6 个ETF价格
[止盈轮动API] 获取 515080 价格成功: 1.553
[止盈轮动API] 获取 510300 价格成功: 4.873
[止盈轮动API] 获取 510500 价格成功: 8.545
[止盈轮动API] 获取 512760 价格成功: 1.217
[止盈轮动API] 获取 512010 价格成功: 0.337
[止盈轮动API] 获取 513100 价格成功: 2.222
[止盈轮动API] 开始获取状态
[止盈轮动API] 初始化持仓管理器
已从 D:\temp\红利ETF\dca_portfolio_data.json 加载数据
[止盈轮动API] 开始获取 6 个ETF价格
[止盈轮动API] 获取 515080 价格成功: 1.554
[止盈轮动API] 获取 510300 价格成功: 4.878
[止盈轮动API] 获取 510500 价格成功: 8.566
[止盈轮动API] 获取 512760 价格成功: 1.224
[止盈轮动API] 获取 512010 价格成功: 0.338
[止盈轮动API] 获取 513100 价格成功: 2.222
[止盈轮动API] 开始获取状态
[止盈轮动API] 初始化持仓管理器
已从 D:\temp\红利ETF\dca_portfolio_data.json 加载数据
[止盈轮动API] 开始获取 6 个ETF价格
[止盈轮动API] 获取 515080 价格成功: 1.552
[止盈轮动API] 获取 510300 价格成功: 4.88
[止盈轮动API] 获取 510500 价格成功: 8.569
[止盈轮动API] 获取 512760 价格成功: 1.225
[止盈轮动API] 获取 512010 价格成功: 0.338
[止盈轮动API] 获取 513100 价格成功: 2.222
[止盈轮动API] 开始获取状态
[止盈轮动API] 初始化持仓管理器
已从 D:\temp\红利ETF\dca_portfolio_data.json 加载数据
[止盈轮动API] 开始获取 6 个ETF价格
[止盈轮动API] 获取 515080 价格成功: 1.553
[止盈轮动API] 获取 510300 价格成功: 4.883
[止盈轮动API] 获取 510500 价格成功: 8.571
[止盈轮动API] 获取 512760 价格成功: 1.228
[止盈轮动API] 获取 512010 价格成功: 0.339
[止盈轮动API] 获取 513100 价格成功: 2.223
[止盈轮动API] 开始获取状态
[止盈轮动API] 初始化持仓管理器
已从 D:\temp\红利ETF\dca_portfolio_data.json 加载数据
[止盈轮动API] 开始获取 6 个ETF价格
[止盈轮动API] 获取 515080 价格成功: 1.553
[止盈轮动API] 获取 510300 价格成功: 4.882
[止盈轮动API] 获取 510500 价格成功: 8.575
[止盈轮动API] 获取 512760 价格成功: 1.229
[止盈轮动API] 获取 512010 价格成功: 0.338
[止盈轮动API] 获取 513100 价格成功: 2.222
[止盈轮动API] 开始获取状态
[止盈轮动API] 初始化持仓管理器
已从 D:\temp\红利ETF\dca_portfolio_data.json 加载数据
[止盈轮动API] 开始获取 6 个ETF价格
[止盈轮动API] 获取 515080 价格成功: 1.553
[止盈轮动API] 获取 510300 价格成功: 4.884
[止盈轮动API] 获取 510500 价格成功: 8.577
[止盈轮动API] 获取 512760 价格成功: 1.232
[止盈轮动API] 获取 512010 价格成功: 0.339
[止盈轮动API] 获取 513100 价格成功: 2.223
[止盈轮动API] 开始获取状态
[止盈轮动API] 初始化持仓管理器
已从 D:\temp\红利ETF\dca_portfolio_data.json 加载数据
[止盈轮动API] 开始获取 6 个ETF价格
[止盈轮动API] 获取 515080 价格成功: 1.553
[止盈轮动API] 获取 510300 价格成功: 4.888
[止盈轮动API] 获取 510500 价格成功: 8.584
[止盈轮动API] 获取 512760 价格成功: 1.233
[止盈轮动API] 获取 512010 价格成功: 0.339
[止盈轮动API] 获取 513100 价格成功: 2.223
[止盈轮动API] 开始获取状态
[止盈轮动API] 初始化持仓管理器
已从 D:\temp\红利ETF\dca_portfolio_data.json 加载数据
[止盈轮动API] 开始获取 6 个ETF价格127.0.0.1 - - [28/May/2026 10:08:16] "GET /api/stop_profit/status HTTP/1.1" 200 -
127.0.0.1 - - [28/May/2026 10:08:46] "GET /api/stop_profit/status HTTP/1.1" 200 -
127.0.0.1 - - [28/May/2026 10:09:16] "GET /api/stop_profit/status HTTP/1.1" 200 -
127.0.0.1 - - [28/May/2026 10:09:44] "GET /api/stop_profit/status HTTP/1.1" 200 -
127.0.0.1 - - [28/May/2026 10:10:18] "GET /api/stop_profit/status HTTP/1.1" 200 -
127.0.0.1 - - [28/May/2026 10:11:17] "GET /api/stop_profit/status HTTP/1.1" 200 -
127.0.0.1 - - [28/May/2026 10:12:17] "GET /api/stop_profit/status HTTP/1.1" 200 -
127.0.0.1 - - [28/May/2026 10:16:23] "GET /api/stop_profit/status HTTP/1.1" 200 -
127.0.0.1 - - [28/May/2026 11:15:11] "GET /stop_profit HTTP/1.1" 200 -
127.0.0.1 - - [28/May/2026 11:15:11] "GET /favicon.ico HTTP/1.1" 404 -
127.0.0.1 - - [28/May/2026 11:15:35] "GET /api/stop_profit/status HTTP/1.1" 200 -
127.0.0.1 - - [28/May/2026 11:16:06] "GET /api/stop_profit/status HTTP/1.1" 200 -
127.0.0.1 - - [28/May/2026 11:16:36] "GET /api/stop_profit/status HTTP/1.1" 200 -
127.0.0.1 - - [28/May/2026 11:17:06] "GET /api/stop_profit/status HTTP/1.1" 200 -
127.0.0.1 - - [28/May/2026 11:17:35] "GET /api/stop_profit/status HTTP/1.1" 200 -
127.0.0.1 - - [28/May/2026 11:18:06] "GET /api/stop_profit/status HTTP/1.1" 200 -
127.0.0.1 - - [28/May/2026 11:18:35] "GET /api/stop_profit/status HTTP/1.1" 200 -
127.0.0.1 - - [28/May/2026 11:19:06] "GET /api/stop_profit/status HTTP/1.1" 200 -

[止盈轮动API] 获取 515080 价格成功: 1.553
[止盈轮动API] 获取 510300 价格成功: 4.885
[止盈轮动API] 获取 510500 价格成功: 8.571
[止盈轮动API] 获取 512760 价格成功: 1.233
[止盈轮动API] 获取 512010 价格成功: 0.338
[止盈轮动API] 获取 513100 价格成功: 2.222
[止盈轮动API] 开始获取状态
[止盈轮动API] 初始化持仓管理器
已从 D:\temp\红利ETF\dca_portfolio_data.json 加载数据
[止盈轮动API] 开始获取 6 个ETF价格
[止盈轮动API] 获取 515080 价格成功: 1.552
[止盈轮动API] 获取 510300 价格成功: 4.883
[止盈轮动API] 获取 510500 价格成功: 8.566
[止盈轮动API] 获取 512760 价格成功: 1.232
[止盈轮动API] 获取 512010 价格成功: 0.338
[止盈轮动API] 获取 513100 价格成功: 2.222
[止盈轮动API] 开始获取状态
[止盈轮动API] 初始化持仓管理器
已从 D:\temp\红利ETF\dca_portfolio_data.json 加载数据
[止盈轮动API] 开始获取 6 个ETF价格
[止盈轮动API] 获取 515080 价格成功: 1.552
[止盈轮动API] 获取 510300 价格成功: 4.883
[止盈轮动API] 获取 510500 价格成功: 8.562
[止盈轮动API] 获取 512760 价格成功: 1.234
[止盈轮动API] 获取 512010 价格成功: 0.338
[止盈轮动API] 获取 513100 价格成功: 2.222
[止盈轮动API] 开始获取状态
[止盈轮动API] 初始化持仓管理器
已从 D:\temp\红利ETF\dca_portfolio_data.json 加载数据
[止盈轮动API] 开始获取 6 个ETF价格
[止盈轮动API] 获取 515080 价格成功: 1.553
[止盈轮动API] 获取 510300 价格成功: 4.885
[止盈轮动API] 获取 510500 价格成功: 8.568
[止盈轮动API] 获取 512760 价格成功: 1.236
[止盈轮动API] 获取 512010 价格成功: 0.338
[止盈轮动API] 获取 513100 价格成功: 2.222
[止盈轮动API] 开始获取状态
[止盈轮动API] 初始化持仓管理器
已从 D:\temp\红利ETF\dca_portfolio_data.json 加载数据
[止盈轮动API] 开始获取 6 个ETF价格
[止盈轮动API] 获取 515080 价格成功: 1.554
[止盈轮动API] 获取 510300 价格成功: 4.886
[止盈轮动API] 获取 510500 价格成功: 8.567
[止盈轮动API] 获取 512760 价格成功: 1.235
[止盈轮动API] 获取 512010 价格成功: 0.338
[止盈轮动API] 获取 513100 价格成功: 2.222
[止盈轮动API] 开始获取状态
[止盈轮动API] 初始化持仓管理器
已从 D:\temp\红利ETF\dca_portfolio_data.json 加载数据
[止盈轮动API] 开始获取 6 个ETF价格
[止盈轮动API] 获取 515080 价格成功: 1.554
[止盈轮动API] 获取 510300 价格成功: 4.887
[止盈轮动API] 获取 510500 价格成功: 8.556
[止盈轮动API] 获取 512760 价格成功: 1.233
[止盈轮动API] 获取 512010 价格成功: 0.338
[止盈轮动API] 获取 513100 价格成功: 2.221
[止盈轮动API] 开始获取状态
[止盈轮动API] 初始化持仓管理器
已从 D:\temp\红利ETF\dca_portfolio_data.json 加载数据
[止盈轮动API] 开始获取 6 个ETF价格
[止盈轮动API] 获取 515080 价格成功: 1.554
[止盈轮动API] 获取 510300 价格成功: 4.883
[止盈轮动API] 获取 510500 价格成功: 8.546
[止盈轮动API] 获取 512760 价格成功: 1.23
[止盈轮动API] 获取 512010 价格成功: 0.338
[止盈轮动API] 获取 513100 价格成功: 2.221
[止盈轮动API] 开始获取状态
[止盈轮动API] 初始化持仓管理器
已从 D:\temp\红利ETF\dca_portfolio_data.json 加载数据
[止盈轮动API] 开始获取 6 个ETF价格
[止盈轮动API] 获取 515080 价格成功: 1.554
[止盈轮动API] 获取 510300 价格成功: 4.884
[止盈轮动API] 获取 510500 价格成功: 8.556
[止盈轮动API] 获取 512760 价格成功: 1.233
[止盈轮动API] 获取 512010 价格成功: 0.337
[止盈轮动API] 获取 513100 价格成功: 2.22
[止盈轮动API] 开始获取状态
[止盈轮动API] 初始化持仓管理器
已从 D:\temp\红利ETF\dca_portfolio_data.json 加载数据
[止盈轮动API] 开始获取 6 个ETF价格
[止盈轮动API] 获取 515080 价格成功: 1.556
[止盈轮动API] 获取 510300 价格成功: 4.889
[止盈轮动API] 获取 510500 价格成功: 8.582
[止盈轮动API] 获取 512760 价格成功: 1.232
[止盈轮动API] 获取 512010 价格成功: 0.337
[止盈轮动API] 获取 513100 价格成功: 2.214
[止盈轮动API] 开始获取状态
[止盈轮动API] 初始化持仓管理器
已从 D:\temp\红利ETF\dca_portfolio_data.json 加载数据
[止盈轮动API] 开始获取 6 个ETF价格
[止盈轮动API] 获取 515080 价格成功: 1.556
[止盈轮动API] 获取 510300 价格成功: 4.89
[止盈轮动API] 获取 510500 价格成功: 8.591
[止盈轮动API] 获取 512760 价格成功: 1.234
[止盈轮动API] 获取 512010 价格成功: 0.337
[止盈轮动API] 获取 513100 价格成功: 2.214
[止盈轮动API] 开始获取状态
[止盈轮动API] 初始化持仓管理器
已从 D:\temp\红利ETF\dca_portfolio_data.json 加载数据
[止盈轮动API] 开始获取 6 个ETF价格
[止盈轮动API] 获取 515080 价格成功: 1.555
[止盈轮动API] 获取 510300 价格成功: 4.89
[止盈轮动API] 获取 510500 价格成功: 8.586
[止盈轮动API] 获取 512760 价格成功: 1.234
[止盈轮动API] 获取 512010 价格成功: 0.337
[止盈轮动API] 获取 513100 价格成功: 2.214
[止盈轮动API] 开始获取状态
[止盈轮动API] 初始化持仓管理器
已从 D:\temp\红利ETF\dca_portfolio_data.json 加载数据
[止盈轮动API] 开始获取 6 个ETF价格
[止盈轮动API] 获取 515080 价格成功: 1.555
[止盈轮动API] 获取 510300 价格成功: 4.888
[止盈轮动API] 获取 510500 价格成功: 8.585
[止盈轮动API] 获取 512760 价格成功: 1.234
[止盈轮动API] 获取 512010 价格成功: 0.337
[止盈轮动API] 获取 513100 价格成功: 2.213
[止盈轮动API] 开始获取状态
[止盈轮动API] 初始化持仓管理器
已从 D:\temp\红利ETF\dca_portfolio_data.json 加载数据
[止盈轮动API] 开始获取 6 个ETF价格
[止盈轮动API] 获取 515080 价格成功: 1.555
[止盈轮动API] 获取 510300 价格成功: 4.889
[止盈轮动API] 获取 510500 价格成功: 8.589
[止盈轮动API] 获取 512760 价格成功: 1.234
[止盈轮动API] 获取 512010 价格成功: 0.337
[止盈轮动API] 获取 513100 价格成功: 2.213
[止盈轮动API] 开始获取状态
[止盈轮动API] 初始化持仓管理器
已从 D:\temp\红利ETF\dca_portfolio_data.json 加载数据
[止盈轮动API] 开始获取 6 个ETF价格
[止盈轮动API] 获取 515080 价格成功: 1.555
[止盈轮动API] 获取 510300 价格成功: 4.887
[止盈轮动API] 获取 510500 价格成功: 8.58
[止盈轮动API] 获取 512760 价格成功: 1.232
[止盈轮动API] 获取 512010 价格成功: 0.337
[止盈轮动API] 获取 513100 价格成功: 2.212
[止盈轮动API] 开始获取状态
[止盈轮动API] 初始化持仓管理器
已从 D:\temp\红利ETF\dca_portfolio_data.json 加载数据
[止盈轮动API] 开始获取 6 个ETF价格
[止盈轮动API] 获取 515080 价格成功: 1.555
[止盈轮动API] 获取 510300 价格成功: 4.887
[止盈轮动API] 获取 510500 价格成功: 8.58
[止盈轮动API] 获取 512760 价格成功: 1.232
[止盈轮动API] 获取 512010 价格成功: 0.337
[止盈轮动API] 获取 513100 价格成功: 2.212
[止盈轮动API] 开始获取状态
[止盈轮动API] 初始化持仓管理器
已从 D:\temp\红利ETF\dca_portfolio_data.json 加载数据
[止盈轮动API] 开始获取 6 个ETF价格
[止盈轮动API] 获取 515080 价格成功: 1.555
[止盈轮动API] 获取 510300 价格成功: 4.884
[止盈轮动API] 获取 510500 价格成功: 8.575
[止盈轮动API] 获取 512760 价格成功: 1.23
[止盈轮动API] 获取 512010 价格成功: 0.337
[止盈轮动API] 获取 513100 价格成功: 2.213
[止盈轮动API] 开始获取状态
[止盈轮动API] 初始化持仓管理器
已从 D:\temp\红利ETF\dca_portfolio_data.json 加载数据
[止盈轮动API] 开始获取 6 个ETF价格
[止盈轮动API] 获取 515080 价格成功: 1.555127.0.0.1 - - [28/May/2026 11:20:07] "GET /api/stop_profit/status HTTP/1.1" 200 -
127.0.0.1 - - [28/May/2026 11:21:08] "GET /api/stop_profit/status HTTP/1.1" 200 -
127.0.0.1 - - [28/May/2026 11:22:09] "GET /api/stop_profit/status HTTP/1.1" 200 -
127.0.0.1 - - [28/May/2026 11:23:10] "GET /api/stop_profit/status HTTP/1.1" 200 -
127.0.0.1 - - [28/May/2026 11:24:11] "GET /api/stop_profit/status HTTP/1.1" 200 -
127.0.0.1 - - [28/May/2026 11:25:12] "GET /api/stop_profit/status HTTP/1.1" 200 -
127.0.0.1 - - [28/May/2026 11:26:13] "GET /api/stop_profit/status HTTP/1.1" 200 -
127.0.0.1 - - [28/May/2026 13:37:08] "GET /api/stop_profit/status HTTP/1.1" 200 -
127.0.0.1 - - [28/May/2026 13:37:38] "GET /api/stop_profit/status HTTP/1.1" 200 -
127.0.0.1 - - [28/May/2026 13:38:08] "GET /api/stop_profit/status HTTP/1.1" 200 -
127.0.0.1 - - [28/May/2026 13:38:38] "GET /api/stop_profit/status HTTP/1.1" 200 -
127.0.0.1 - - [28/May/2026 13:39:08] "GET /api/stop_profit/status HTTP/1.1" 200 -
127.0.0.1 - - [28/May/2026 13:39:38] "GET /api/stop_profit/status HTTP/1.1" 200 -
127.0.0.1 - - [28/May/2026 13:40:09] "GET /api/stop_profit/status HTTP/1.1" 200 -
127.0.0.1 - - [28/May/2026 13:41:12] "GET /api/stop_profit/status HTTP/1.1" 200 -
127.0.0.1 - - [28/May/2026 13:42:11] "GET /api/stop_profit/status HTTP/1.1" 200 -

[止盈轮动API] 获取 510300 价格成功: 4.886
[止盈轮动API] 获取 510500 价格成功: 8.582
[止盈轮动API] 获取 512760 价格成功: 1.233
[止盈轮动API] 获取 512010 价格成功: 0.337
[止盈轮动API] 获取 513100 价格成功: 2.211
[止盈轮动API] 开始获取状态
[止盈轮动API] 初始化持仓管理器
已从 D:\temp\红利ETF\dca_portfolio_data.json 加载数据
[止盈轮动API] 开始获取 6 个ETF价格
[止盈轮动API] 获取 515080 价格成功: 1.555
[止盈轮动API] 获取 510300 价格成功: 4.887
[止盈轮动API] 获取 510500 价格成功: 8.59
[止盈轮动API] 获取 512760 价格成功: 1.233
[止盈轮动API] 获取 512010 价格成功: 0.337
[止盈轮动API] 获取 513100 价格成功: 2.209
[止盈轮动API] 开始获取状态
[止盈轮动API] 初始化持仓管理器
已从 D:\temp\红利ETF\dca_portfolio_data.json 加载数据
[止盈轮动API] 开始获取 6 个ETF价格
[止盈轮动API] 获取 515080 价格成功: 1.554
[止盈轮动API] 获取 510300 价格成功: 4.882
[止盈轮动API] 获取 510500 价格成功: 8.577
[止盈轮动API] 获取 512760 价格成功: 1.23
[止盈轮动API] 获取 512010 价格成功: 0.337
[止盈轮动API] 获取 513100 价格成功: 2.209
[止盈轮动API] 开始获取状态
[止盈轮动API] 初始化持仓管理器
已从 D:\temp\红利ETF\dca_portfolio_data.json 加载数据
[止盈轮动API] 开始获取 6 个ETF价格
[止盈轮动API] 获取 515080 价格成功: 1.554
[止盈轮动API] 获取 510300 价格成功: 4.884
[止盈轮动API] 获取 510500 价格成功: 8.582
[止盈轮动API] 获取 512760 价格成功: 1.231
[止盈轮动API] 获取 512010 价格成功: 0.336
[止盈轮动API] 获取 513100 价格成功: 2.208
[止盈轮动API] 开始获取状态
[止盈轮动API] 初始化持仓管理器
已从 D:\temp\红利ETF\dca_portfolio_data.json 加载数据
[止盈轮动API] 开始获取 6 个ETF价格
[止盈轮动API] 获取 515080 价格成功: 1.554
[止盈轮动API] 获取 510300 价格成功: 4.89
[止盈轮动API] 获取 510500 价格成功: 8.593
[止盈轮动API] 获取 512760 价格成功: 1.233
[止盈轮动API] 获取 512010 价格成功: 0.337
[止盈轮动API] 获取 513100 价格成功: 2.205
[止盈轮动API] 开始获取状态
[止盈轮动API] 初始化持仓管理器
已从 D:\temp\红利ETF\dca_portfolio_data.json 加载数据
[止盈轮动API] 开始获取 6 个ETF价格
[止盈轮动API] 获取 515080 价格成功: 1.554
[止盈轮动API] 获取 510300 价格成功: 4.889
[止盈轮动API] 获取 510500 价格成功: 8.589
[止盈轮动API] 获取 512760 价格成功: 1.231
[止盈轮动API] 获取 512010 价格成功: 0.336
[止盈轮动API] 获取 513100 价格成功: 2.204
[止盈轮动API] 开始获取状态
[止盈轮动API] 初始化持仓管理器
已从 D:\temp\红利ETF\dca_portfolio_data.json 加载数据
[止盈轮动API] 开始获取 6 个ETF价格
[止盈轮动API] 获取 515080 价格成功: 1.554
[止盈轮动API] 获取 510300 价格成功: 4.892
[止盈轮动API] 获取 510500 价格成功: 8.591
[止盈轮动API] 获取 512760 价格成功: 1.232
[止盈轮动API] 获取 512010 价格成功: 0.337
[止盈轮动API] 获取 513100 价格成功: 2.201
[止盈轮动API] 开始获取状态
[止盈轮动API] 初始化持仓管理器
已从 D:\temp\红利ETF\dca_portfolio_data.json 加载数据
[止盈轮动API] 开始获取 6 个ETF价格
[止盈轮动API] 获取 515080 价格成功: 1.55
[止盈轮动API] 获取 510300 价格成功: 4.923
[止盈轮动API] 获取 510500 价格成功: 8.633
[止盈轮动API] 获取 512760 价格成功: 1.238
[止盈轮动API] 获取 512010 价格成功: 0.337
[止盈轮动API] 获取 513100 价格成功: 2.203
[止盈轮动API] 开始获取状态
[止盈轮动API] 初始化持仓管理器
已从 D:\temp\红利ETF\dca_portfolio_data.json 加载数据
[止盈轮动API] 开始获取 6 个ETF价格
[止盈轮动API] 获取 515080 价格成功: 1.55
[止盈轮动API] 获取 510300 价格成功: 4.924
[止盈轮动API] 获取 510500 价格成功: 8.635
[止盈轮动API] 获取 512760 价格成功: 1.237
[止盈轮动API] 获取 512010 价格成功: 0.337
[止盈轮动API] 获取 513100 价格成功: 2.204
[止盈轮动API] 开始获取状态
[止盈轮动API] 初始化持仓管理器
已从 D:\temp\红利ETF\dca_portfolio_data.json 加载数据
[止盈轮动API] 开始获取 6 个ETF价格
[止盈轮动API] 获取 515080 价格成功: 1.55
[止盈轮动API] 获取 510300 价格成功: 4.923
[止盈轮动API] 获取 510500 价格成功: 8.633
[止盈轮动API] 获取 512760 价格成功: 1.237
[止盈轮动API] 获取 512010 价格成功: 0.337
[止盈轮动API] 获取 513100 价格成功: 2.203
[止盈轮动API] 开始获取状态
[止盈轮动API] 初始化持仓管理器
已从 D:\temp\红利ETF\dca_portfolio_data.json 加载数据
[止盈轮动API] 开始获取 6 个ETF价格
[止盈轮动API] 获取 515080 价格成功: 1.551
[止盈轮动API] 获取 510300 价格成功: 4.925
[止盈轮动API] 获取 510500 价格成功: 8.64
[止盈轮动API] 获取 512760 价格成功: 1.235
[止盈轮动API] 获取 512010 价格成功: 0.337
[止盈轮动API] 获取 513100 价格成功: 2.203
[止盈轮动API] 开始获取状态
[止盈轮动API] 初始化持仓管理器
已从 D:\temp\红利ETF\dca_portfolio_data.json 加载数据
[止盈轮动API] 开始获取 6 个ETF价格
[止盈轮动API] 获取 515080 价格成功: 1.551
[止盈轮动API] 获取 510300 价格成功: 4.925
[止盈轮动API] 获取 510500 价格成功: 8.642
[止盈轮动API] 获取 512760 价格成功: 1.235
[止盈轮动API] 获取 512010 价格成功: 0.337
[止盈轮动API] 获取 513100 价格成功: 2.203
[止盈轮动API] 开始获取状态
[止盈轮动API] 初始化持仓管理器
已从 D:\temp\红利ETF\dca_portfolio_data.json 加载数据
[止盈轮动API] 开始获取 6 个ETF价格
[止盈轮动API] 获取 515080 价格成功: 1.551
[止盈轮动API] 获取 510300 价格成功: 4.925
[止盈轮动API] 获取 510500 价格成功: 8.648
[止盈轮动API] 获取 512760 价格成功: 1.236
[止盈轮动API] 获取 512010 价格成功: 0.337
[止盈轮动API] 获取 513100 价格成功: 2.203
[止盈轮动API] 开始获取状态
[止盈轮动API] 初始化持仓管理器
已从 D:\temp\红利ETF\dca_portfolio_data.json 加载数据
[止盈轮动API] 开始获取 6 个ETF价格
[止盈轮动API] 获取 515080 价格成功: 1.552
[止盈轮动API] 获取 510300 价格成功: 4.927
[止盈轮动API] 获取 510500 价格成功: 8.65
[止盈轮动API] 获取 512760 价格成功: 1.237
[止盈轮动API] 获取 512010 价格成功: 0.336
[止盈轮动API] 获取 513100 价格成功: 2.202
[止盈轮动API] 开始获取状态
[止盈轮动API] 初始化持仓管理器
已从 D:\temp\红利ETF\dca_portfolio_data.json 加载数据
[止盈轮动API] 开始获取 6 个ETF价格
[止盈轮动API] 获取 515080 价格成功: 1.552
[止盈轮动API] 获取 510300 价格成功: 4.934
[止盈轮动API] 获取 510500 价格成功: 8.663
[止盈轮动API] 获取 512760 价格成功: 1.238
[止盈轮动API] 获取 512010 价格成功: 0.338
[止盈轮动API] 获取 513100 价格成功: 2.204
[止盈轮动API] 开始获取状态
[止盈轮动API] 初始化持仓管理器
已从 D:\temp\红利ETF\dca_portfolio_data.json 加载数据
[止盈轮动API] 开始获取 6 个ETF价格
[止盈轮动API] 获取 515080 价格成功: 1.553
[止盈轮动API] 获取 510300 价格成功: 4.93
[止盈轮动API] 获取 510500 价格成功: 8.655
[止盈轮动API] 获取 512760 价格成功: 1.236
[止盈轮动API] 获取 512010 价格成功: 0.337
[止盈轮动API] 获取 513100 价格成功: 2.205
[止盈轮动API] 开始获取状态
[止盈轮动API] 初始化持仓管理器
已从 D:\temp\红利ETF\dca_portfolio_data.json 加载数据
[止盈轮动API] 开始获取 6 个ETF价格
[止盈轮动API] 获取 515080 价格成功: 1.553
[止盈轮动API] 获取 510300 价格成功: 4.927127.0.0.1 - - [28/May/2026 13:43:11] "GET /api/stop_profit/status HTTP/1.1" 200 -
127.0.0.1 - - [28/May/2026 13:44:12] "GET /api/stop_profit/status HTTP/1.1" 200 -
127.0.0.1 - - [28/May/2026 13:45:13] "GET /api/stop_profit/status HTTP/1.1" 200 -
127.0.0.1 - - [28/May/2026 13:46:15] "GET /api/stop_profit/status HTTP/1.1" 200 -
127.0.0.1 - - [28/May/2026 15:44:04] "GET /api/stop_profit/status HTTP/1.1" 200 -
