已从 D:\temp\红利ETF\dca_portfolio_data.json 加载数据

================================================================================
止盈轮动检查
================================================================================

  当前持仓状态:
    510300 (沪深300ETF): 持仓400股, 成本4.9534, 现价5.0150, 盈亏+1.24%
    513100 (纳指ETF): 持仓600股, 成本2.1815, 现价2.2260, 盈亏+2.04%

  止盈信号检查: 发现0个止盈信号

  无止盈信号，无需再投资

  ============================================================
  止盈轮动结果汇总
  ============================================================
  止盈信号数:    0
  止盈执行数:    0
  释放资金:      0.00元
  再投资笔数:    0
  再投金额:      0.00元
  剩余现金:      96.31元

  类别配比偏差:
    [低] 红利: 实际16.89% vs 目标20.0% （偏差-3.11%）
    [高] 宽基: 实际41.3% vs 目标40.0% （偏差+1.30%）
    [=] 行业: 实际25.9% vs 目标25.0% （偏差+0.90%）
    [=] 海外: 实际14.84% vs 目标15.0% （偏差-0.16%）

[止盈轮动报告] D:\temp\红利ETF\stop_profit_report.html
  result[category_allocation][红利] = <class 'dict'>: {'current_value': 1520.4, 'current_pct': 16.89, 'target_pct': 20.0, 'deviation': -3.11, 'status': '低
  result[category_allocation][宽基] = <class 'dict'>: {'current_value': 3717.88, 'current_pct': 41.3, 'target_pct': 40.0, 'deviation': 1.3, 'status': '超配'
  result[category_allocation][行业] = <class 'dict'>: {'current_value': 2331.99, 'current_pct': 25.9, 'target_pct': 25.0, 'deviation': 0.9, 'status': '均衡'
  result[category_allocation][海外] = <class 'dict'>: {'current_value': 1335.6, 'current_pct': 14.84, 'target_pct': 15.0, 'deviation': -0.16, 'status': '均
